2.8831 	ERROR 	avbin.dll failed to load.
                     Try importing psychopy.visual as the first library
                     (before anything that uses scipy)
                     and make sure that avbin is installed.
85.3594 	WARNING 	User requested fullscreen with size [1920 1080], but screen is actually [1024, 768]. Using actual size
86.0244 	EXP 	Created window1 = Window(allowGUI=False, allowStencil=False, autoLog=True, bitsMode=UNKNOWN, blendMode='avg', color=u'black', colorSpace='named', fullscr=UNKNOWN, gamma=None, lms=UNKNOWN, monitor=<psychopy.monitors.calibTools.Monitor instance at 0x05D48530>, name='window1', pos=[0, 0], screen=0, size=array([1024,  768]), stereo=False, units=u'norm', useFBO=True, viewOri=0.0, viewPos=None, viewScale=None, waitBlanking=True, winType='pyglet')
86.0244 	EXP 	window1: recordFrameIntervals = False
86.1240 	EXP 	window1: recordFrameIntervals = True
86.2344 	EXP 	window1: recordFrameIntervals = False
86.3132 	EXP 	Created text = TextStim(alignHoriz='center', alignVert='center', antialias=True, autoLog=True, bold=False, color='white', colorSpace='named', contrast=1.0, depth=0.0, flipHoriz=False, flipVert=False, font='Arial', fontFiles=[], height=0.1, italic=False, name='text', opacity=1.0, ori=0, pos=array([ 0.,  0.]), rgb=array([ 255.,  255.,  255.]), text=u'Empezando', units=u'norm', win=Window(...), wrapWidth=1)
86.3312 	EXP 	Created text_2 = TextStim(alignHoriz='center', alignVert='center', antialias=True, autoLog=True, bold=False, color='white', colorSpace='named', contrast=1.0, depth=-1.0, flipHoriz=False, flipVert=False, font='Arial', fontFiles=[], height=0.1, italic=False, name='text_2', opacity=1.0, ori=0, pos=array([ 0.,  0.]), rgb=array([ 255.,  255.,  255.]), text=u'+', units=u'norm', win=Window(...), wrapWidth=1)
86.3346 	EXP 	Created fixation = TextStim(alignHoriz='center', alignVert='center', antialias=True, autoLog=True, bold=False, color=u'white', colorSpace='named', contrast=1.0, depth=0.0, flipHoriz=False, flipVert=False, font=u'Arial', fontFiles=[], height=0.1, italic=False, name='fixation', opacity=1.0, ori=0, pos=array([ 0.,  0.]), rgb=array([ 255.,  255.,  255.]), text=u'+', units=u'norm', win=Window(...), wrapWidth=1)
86.3357 	EXP 	Created blank = TextStim(alignHoriz='center', alignVert='center', antialias=True, autoLog=True, bold=False, color='white', colorSpace='named', contrast=1.0, depth=-1.0, flipHoriz=False, flipVert=False, font='Arial', fontFiles=[], height=0.1, italic=False, name='blank', opacity=1.0, ori=0, pos=array([ 0.,  0.]), rgb=array([ 255.,  255.,  255.]), text='', units=u'norm', win=Window(...), wrapWidth=1)
86.3403 	EXP 	Created premask_1 = GratingStim(autoDraw=False, autoLog=True, color=array([ 1.,  1.,  1.]), colorSpace='rgb', contrast=1.0, depth=-2.0, interpolate=False, mask=None, maskParams=None, name='premask_1', opacity=1.0, ori=0.0, phase=array([ 1.,  1.]), pos=array([ 0.,  0.]), rgbPedestal=array([ 0.,  0.,  0.]), sf=array([ 0.00390625,  0.00390625]), size=array([ 256.,  256.]), tex=ndarray(...), texRes=128, units='pix', win=Window(...))
86.3455 	EXP 	Created probe = ImageStim(autoLog=True, color=array([ 1.,  1.,  1.]), colorSpace='rgb', contrast=1.0, depth=-1.0, flipHoriz=False, flipVert=False, image='sin', interpolate=True, mask=None, maskParams=None, name='probe', opacity=1.0, ori=0.0, pos=array([ 0.,  0.]), size=array([ 256.,  256.]), texRes=128, units='pix', win=Window(...))
86.3496 	EXP 	Created postmask_1 = GratingStim(autoDraw=False, autoLog=True, color=array([ 1.,  1.,  1.]), colorSpace='rgb', contrast=1.0, depth=0.0, interpolate=False, mask=None, maskParams=None, name='postmask_1', opacity=1.0, ori=0.0, phase=array([ 1.,  1.]), pos=array([ 0.,  0.]), rgbPedestal=array([ 0.,  0.,  0.]), sf=array([ 0.00390625,  0.00390625]), size=array([ 256.,  256.]), tex=ndarray(...), texRes=128, units='pix', win=Window(...))
86.3531 	EXP 	Created delay_post_mask = TextStim(alignHoriz='center', alignVert='center', antialias=True, autoLog=True, bold=False, color='white', colorSpace='named', contrast=1.0, depth=0.0, flipHoriz=False, flipVert=False, font='Arial', fontFiles=[], height=0.1, italic=False, name='delay_post_mask', opacity=1.0, ori=0, pos=array([ 0.,  0.]), rgb=array([ 255.,  255.,  255.]), text=u'+', units=u'norm', win=Window(...), wrapWidth=1)
86.3652 	EXP 	Created tell_response = TextStim(alignHoriz='center', alignVert='center', antialias=True, autoLog=True, bold=False, color='white', colorSpace='named', contrast=1.0, depth=-2.0, flipHoriz=False, flipVert=False, font='Arial', fontFiles=[], height=0.1, italic=False, name='tell_response', opacity=1.0, ori=0, pos=array([ 0.,  0.]), rgb=array([ 255.,  255.,  255.]), text=u'default text', units=u'norm', win=Window(...), wrapWidth=1)
86.3701 	EXP 	Created tell_visible = TextStim(alignHoriz='center', alignVert='center', antialias=True, autoLog=True, bold=False, color=u'white', colorSpace='named', contrast=1.0, depth=-1.0, flipHoriz=False, flipVert=False, font=u'Arial', fontFiles=[], height=0.1, italic=False, name='tell_visible', opacity=1.0, ori=0, pos=array([ 0.,  0.]), rgb=array([ 255.,  255.,  255.]), text=u'?', units=u'norm', win=Window(...), wrapWidth=1)
86.3735 	EXP 	Created post_fixation = TextStim(alignHoriz='center', alignVert='center', antialias=True, autoLog=True, bold=False, color=u'white', colorSpace='named', contrast=1.0, depth=0.0, flipHoriz=False, flipVert=False, font=u'Arial', fontFiles=[], height=0.1, italic=False, name='post_fixation', opacity=1.0, ori=0, pos=array([ 0.,  0.]), rgb=array([ 255.,  255.,  255.]), text=u'+', units=u'norm', win=Window(...), wrapWidth=1)
86.3746 	EXP 	Created The_End = TextStim(alignHoriz='center', alignVert='center', antialias=True, autoLog=True, bold=False, color='white', colorSpace='named', contrast=1.0, depth=0.0, flipHoriz=False, flipVert=False, font='Arial', fontFiles=[], height=0.1, italic=False, name='The_End', opacity=1.0, ori=0, pos=array([ 0.,  0.]), rgb=array([ 255.,  255.,  255.]), text='', units=u'norm', win=Window(...), wrapWidth=1)
86.3846 	EXP 	text: autoDraw = True
87.3867 	EXP 	text: autoDraw = False
87.3867 	EXP 	text_2: autoDraw = True
89.3767 	EXP 	Imported csvs\experiment (sessions 2, EEG_bw).csv as conditions, 96 conditions, 5 params
89.3776 	EXP 	Created sequence: random, trialTypes=96, nReps=1, seed=None
89.3781 	EXP 	New trial (rep=0, index=0): {'category': u'Living_Things', 'probe_path': u'../experiment_stimuli/bw_bc_bl/Living_Things/Animals/cheetah_18.jpg', 'subcategory': u'Animals', 'fixation_duration': 0, 'label': u'cheetah'}
89.3910 	EXP 	text_2: autoDraw = False
89.3910 	EXP 	text: autoDraw = False
89.3910 	EXP 	text_2: autoDraw = False
89.3910 	EXP 	premask_1: phase = array([ 0.1,  1. ])
89.3910 	EXP 	fixation: autoDraw = True
89.3910 	EXP 	fixation: autoDraw = False
89.3910 	EXP 	blank: autoDraw = True
89.9021 	EXP 	blank: autoDraw = False
89.9021 	EXP 	premask_1: autoDraw = True
89.9021 	EXP 	premask_1: tex = array([[-0.27150669, -0.55521382,  0.7234401 , ..., -0.19785377,
        -0.60421262, -0.39290236],
       [ 0.49598815, -0.07908163,  0.40569717, ...,  0.58489737,
         0.35613085,  0.9653645 ],
       [-0.48316371,  0.26363402, -0.8657764 , ...,  0.11011454,
        -0.64373813,  0.62432159],
       ..., 
       [-0.22537831, -0.91406671,  0.32765253, ...,  0.0204237 ,
         0.66233809, -0.65211628],
       [-0.98474609, -0.238278  , -0.56611297, ..., -0.1612148 ,
         0.53345763,  0.36481632],
       [-0.58321733, -0.30092164, -0.21873147, ..., -0.82304878,
         0.29628176,  0.58169081]])
89.9122 	EXP 	premask_1: tex = array([[-0.90765996,  0.23039544,  0.32008839, ...,  0.5739961 ,
        -0.0597445 , -0.54999988],
       [-0.48021952, -0.14421819, -0.21395089, ...,  0.28937123,
        -0.13570261, -0.19203896],
       [ 0.39228259, -0.28398185, -0.25047578, ..., -0.82872236,
         0.71291198, -0.7349221 ],
       ..., 
       [-0.12217336,  0.96363252,  0.38680911, ...,  0.00971576,
        -0.22369198, -0.64240643],
       [ 0.78755477, -0.35206617,  0.15530666, ..., -0.91373799,
         0.47062629,  0.80059031],
       [-0.6211722 ,  0.70962345,  0.72531362, ..., -0.187043  ,
        -0.15480485,  0.17801919]])
89.9222 	EXP 	premask_1: tex = array([[-0.80419703,  0.28429103, -0.41027689, ..., -0.29172423,
         0.43590224,  0.04953971],
       [-0.21177137, -0.34578857,  0.32336023, ...,  0.00704238,
         0.42433248,  0.02982047],
       [ 0.70811843,  0.73899007, -0.99690545, ...,  0.53253742,
        -0.57439061,  0.67832634],
       ..., 
       [ 0.07769771, -0.71097356,  0.5758743 , ...,  0.7863516 ,
         0.98877154, -0.91974575],
       [-0.67159553, -0.08126326, -0.47319763, ...,  0.29580324,
         0.48769735,  0.78891791],
       [-0.97159695, -0.09899676, -0.16627538, ..., -0.99603405,
        -0.01655542,  0.51082351]])
89.9322 	EXP 	premask_1: tex = array([[ 0.26548226,  0.84139697, -0.61412844, ..., -0.62119257,
        -0.13628703, -0.49652354],
       [-0.53592393,  0.45052196,  0.0642947 , ...,  0.17316613,
        -0.77407331,  0.00166933],
       [-0.61321   , -0.82911223, -0.22038536, ...,  0.1864652 ,
         0.41239616, -0.10770583],
       ..., 
       [-0.57602095, -0.5077978 ,  0.31942075, ...,  0.10506565,
         0.59058323,  0.13622725],
       [-0.30878745,  0.96625703,  0.48615858, ..., -0.59971774,
        -0.54079896, -0.84604364],
       [-0.1517927 , -0.74889003, -0.29938007, ...,  0.26076084,
        -0.9107096 ,  0.03538788]])
89.9422 	EXP 	premask_1: tex = array([[ 0.07736185,  0.5773137 ,  0.32563029, ..., -0.7514125 ,
        -0.05201726, -0.80918657],
       [-0.14166448,  0.18791577, -0.27073626, ...,  0.48597749,
        -0.47720785,  0.08008025],
       [-0.16753597, -0.19270908,  0.91381663, ..., -0.61580993,
        -0.67913488, -0.95075678],
       ..., 
       [-0.71129198,  0.26833362,  0.60146337, ...,  0.92971595,
        -0.57006022, -0.79578085],
       [-0.88427353,  0.04568923,  0.47177532, ...,  0.8961682 ,
         0.13490488, -0.90766131],
       [-0.8083029 ,  0.17577444, -0.64100161, ...,  0.7323656 ,
         0.0982933 ,  0.10511409]])
89.9522 	EXP 	premask_1: tex = array([[ 0.39663681,  0.1373455 ,  0.03235445, ...,  0.12906817,
         0.07174172, -0.78890514],
       [ 0.422832  , -0.01933209, -0.52065556, ...,  0.30970911,
        -0.68064513,  0.83290912],
       [-0.90397224, -0.75937163, -0.4659583 , ...,  0.81527392,
        -0.97223392, -0.46888663],
       ..., 
       [ 0.61329288,  0.91456836, -0.29565721, ...,  0.35485955,
        -0.68120228, -0.51793586],
       [ 0.30025006,  0.79809334,  0.22736626, ..., -0.46256027,
        -0.52084731, -0.60539309],
       [ 0.61533641, -0.28639776, -0.48826603, ...,  0.53287515,
        -0.75938673, -0.45930007]])
89.9623 	EXP 	premask_1: tex = array([[-0.06974216, -0.57747475,  0.31372448, ..., -0.39245571,
        -0.23459666, -0.79586517],
       [ 0.71203908,  0.35209852,  0.35373052, ...,  0.60320266,
        -0.91742302,  0.97041961],
       [ 0.58101762,  0.43874634, -0.77365989, ...,  0.51636135,
        -0.46714419,  0.63185552],
       ..., 
       [-0.98256723,  0.39211493, -0.41072523, ..., -0.35312742,
        -0.27766042, -0.55814418],
       [ 0.29294881,  0.27299932, -0.94989454, ..., -0.26970766,
        -0.95526747,  0.35193233],
       [-0.57430739,  0.17096191,  0.53119844, ..., -0.65574616,
        -0.44074477,  0.49790532]])
89.9723 	EXP 	premask_1: tex = array([[ 0.06837859,  0.12517336,  0.32340683, ...,  0.47508653,
        -0.2383896 , -0.76087997],
       [ 0.97409634, -0.95342701,  0.16009117, ...,  0.99192319,
        -0.54662375,  0.32441487],
       [ 0.1844253 ,  0.69790346, -0.51262211, ...,  0.39363989,
         0.05232148, -0.16424868],
       ..., 
       [ 0.36399458, -0.42149317, -0.30731719, ...,  0.57409753,
         0.24619538,  0.73067556],
       [ 0.21903464, -0.88975922,  0.32206101, ..., -0.83096454,
        -0.34540435, -0.08023216],
       [ 0.93851679, -0.99981564, -0.95609632, ...,  0.18004874,
        -0.64069312,  0.39929207]])
89.9823 	EXP 	premask_1: tex = array([[-0.61349303, -0.79744944,  0.41562101, ...,  0.43676584,
        -0.22699687, -0.37006995],
       [ 0.24807468, -0.12955443, -0.80692347, ...,  0.45300159,
         0.67820141,  0.65674838],
       [-0.0762591 , -0.20887798, -0.11641327, ..., -0.53680808,
        -0.26514141, -0.18574415],
       ..., 
       [-0.04743101,  0.67631335, -0.60321132, ..., -0.84549772,
         0.22747696, -0.90574459],
       [-0.70069091,  0.19967605, -0.36238724, ..., -0.36835222,
        -0.97199115,  0.77044318],
       [ 0.43482821,  0.87505951, -0.96505164, ..., -0.40470275,
        -0.85537916,  0.25546017]])
89.9923 	EXP 	premask_1: tex = array([[ 0.30451823,  0.88622601, -0.91842811, ...,  0.79370368,
        -0.82208779, -0.26573786],
       [-0.10936775,  0.11014802,  0.54762457, ...,  0.94230779,
        -0.01871   , -0.54199462],
       [-0.62930969, -0.01782068, -0.37257778, ...,  0.9285185 ,
        -0.05674127,  0.43911495],
       ..., 
       [ 0.4720368 , -0.10399217, -0.77138607, ...,  0.75628425,
        -0.05068429,  0.91837316],
       [-0.6501755 ,  0.31515164,  0.27929269, ..., -0.61032334,
        -0.30372711, -0.97211971],
       [ 0.74987218,  0.8427757 , -0.82790385, ..., -0.32225723,
        -0.91706985, -0.23295061]])
90.0024 	EXP 	premask_1: tex = array([[-0.05047083, -0.89655157,  0.55613324, ...,  0.25142344,
        -0.84111836,  0.97222438],
       [-0.60381466, -0.23503672,  0.13157557, ..., -0.63482444,
        -0.33114728, -0.38740368],
       [ 0.40902199, -0.70767801,  0.70370322, ..., -0.44733826,
        -0.16917651, -0.86543363],
       ..., 
       [-0.48722228,  0.25672785, -0.00222747, ...,  0.92701552,
        -0.23273861,  0.3942279 ],
       [-0.38006609,  0.43023047, -0.53619504, ...,  0.71318341,
         0.65726728, -0.32100869],
       [ 0.73810456,  0.81159629, -0.33255091, ..., -0.88206639,
         0.08559469, -0.2839416 ]])
90.0124 	EXP 	premask_1: tex = array([[ 0.3946223 ,  0.36551458,  0.39118177, ..., -0.35097513,
        -0.97054915,  0.33363666],
       [-0.50561778, -0.82485675, -0.5298615 , ..., -0.77150919,
        -0.26221557,  0.04065108],
       [ 0.42396083,  0.28094492,  0.13455138, ..., -0.60875055,
        -0.39194217, -0.28544843],
       ..., 
       [ 0.17003081, -0.41798319,  0.15809593, ..., -0.94472969,
         0.43871579,  0.40489533],
       [-0.70792467,  0.14234138, -0.92962722, ...,  0.91124056,
        -0.39886445,  0.43300711],
       [-0.1213135 ,  0.71361285,  0.02756315, ..., -0.52310666,
         0.01977169,  0.57049803]])
90.0224 	EXP 	premask_1: tex = array([[-0.52591488, -0.65192225, -0.34982908, ..., -0.45551893,
        -0.96171869,  0.03322189],
       [ 0.49878184,  0.35635838,  0.33416334, ..., -0.86994784,
         0.22617208,  0.75617555],
       [ 0.53304558, -0.30245248,  0.63504845, ..., -0.81949398,
        -0.60655179, -0.49664641],
       ..., 
       [-0.31849301,  0.11105628,  0.70241439, ...,  0.67375623,
         0.8508726 , -0.32734769],
       [ 0.17183909,  0.72819204, -0.83067864, ...,  0.31624231,
         0.09020583,  0.8056718 ],
       [ 0.15745688, -0.28273118, -0.82991741, ..., -0.87357522,
        -0.25892815, -0.23858268]])
90.0324 	EXP 	premask_1: tex = array([[ 0.35217679,  0.67350006,  0.18253478, ...,  0.77149961,
         0.55844383, -0.43601755],
       [ 0.33874767, -0.46544345,  0.6359109 , ..., -0.60259637,
         0.53897081,  0.33642509],
       [-0.46028641,  0.9648519 , -0.51144081, ..., -0.04467401,
        -0.36450046,  0.74782383],
       ..., 
       [ 0.26266567, -0.19568587,  0.28601184, ..., -0.07432246,
         0.84053641,  0.98592483],
       [ 0.71771928,  0.60996813,  0.53822962, ...,  0.23037901,
        -0.59363154,  0.18330634],
       [-0.19247913,  0.36357382,  0.17157362, ..., -0.58051707,
        -0.72313976,  0.29131904]])
90.0424 	EXP 	premask_1: tex = array([[ 0.87452709, -0.33708518,  0.49721292, ...,  0.07290911,
         0.01277794, -0.69109149],
       [-0.71912469,  0.56025947,  0.79456083, ...,  0.13204991,
         0.7660767 , -0.92438214],
       [-0.12796067, -0.27743195,  0.98232327, ...,  0.99000124,
         0.63781885, -0.16052535],
       ..., 
       [ 0.03790421, -0.15575645,  0.49602472, ..., -0.71486916,
         0.89436571, -0.2849499 ],
       [-0.91304571,  0.12112763, -0.37508446, ..., -0.7334575 ,
        -0.54898661,  0.57031567],
       [ 0.85969034,  0.84730211, -0.6419235 , ...,  0.74694397,
         0.88463849, -0.47677254]])
90.0525 	EXP 	premask_1: tex = array([[-0.26197682, -0.77683344, -0.49798587, ..., -0.87184699,
         0.64360792,  0.66865183],
       [ 0.24169566, -0.35671739,  0.97255114, ...,  0.92164106,
        -0.58114788, -0.23713895],
       [-0.40831917,  0.15934265, -0.50769986, ..., -0.85984484,
         0.23300978,  0.44005342],
       ..., 
       [ 0.15162259,  0.00540056,  0.77163455, ...,  0.00500047,
         0.21282337,  0.23922386],
       [ 0.27170211, -0.61413793,  0.54981887, ..., -0.73054338,
         0.36177198,  0.19977749],
       [ 0.6714175 ,  0.48217469, -0.45876847, ...,  0.15166672,
         0.25779219, -0.18368425]])
90.0625 	EXP 	premask_1: tex = array([[-0.70486317, -0.34442655, -0.20447475, ...,  0.38651672,
         0.94531591,  0.42973934],
       [ 0.78809422,  0.43055164,  0.82691504, ...,  0.57404865,
        -0.70464703, -0.2567985 ],
       [-0.39285674,  0.65763347, -0.56500124, ..., -0.61390274,
         0.82663101, -0.55482685],
       ..., 
       [ 0.64366249,  0.99410067, -0.3570564 , ..., -0.27621328,
         0.45785702, -0.82459418],
       [ 0.56744958,  0.44588326,  0.19030005, ..., -0.44945387,
        -0.43573459, -0.96666605],
       [-0.57373673, -0.88622851,  0.87103338, ..., -0.49689594,
        -0.32197429, -0.83368331]])
90.0725 	EXP 	premask_1: tex = array([[-0.88328182, -0.49174209,  0.73103484, ...,  0.87994361,
        -0.35800867, -0.84218394],
       [-0.96012067,  0.34410599,  0.63684805, ..., -0.71672367,
        -0.17140537,  0.34580494],
       [ 0.00698191,  0.27538569, -0.48719986, ...,  0.64851753,
         0.02172269, -0.04195242],
       ..., 
       [-0.4968173 ,  0.5876771 ,  0.39480678, ...,  0.04807881,
         0.41636535,  0.91194169],
       [-0.22303995, -0.96021563, -0.14747797, ...,  0.98691142,
        -0.3056614 ,  0.10559926],
       [-0.11302274, -0.1828345 , -0.42833593, ...,  0.13071044,
         0.66276158, -0.60725326]])
90.0825 	EXP 	premask_1: tex = array([[ 0.73686461,  0.14660527, -0.75016621, ..., -0.87176733,
        -0.11669505, -0.69309826],
       [-0.10129066, -0.2680959 , -0.91176472, ...,  0.83931975,
        -0.16994105,  0.04245212],
       [ 0.3231753 , -0.06633274, -0.30187829, ..., -0.65389665,
         0.80703357, -0.55269594],
       ..., 
       [ 0.82270041,  0.14074569,  0.34411939, ...,  0.52745661,
         0.92361509, -0.18877175],
       [ 0.83585399,  0.19828269,  0.11000294, ..., -0.08793795,
        -0.66890336, -0.17000421],
       [ 0.54033273,  0.57635174, -0.44044702, ...,  0.18453014,
        -0.54776455,  0.05560074]])
90.0926 	EXP 	premask_1: tex = array([[ 0.12682364,  0.94371545,  0.50996293, ...,  0.52387599,
        -0.93275032,  0.97612571],
       [ 0.6978607 ,  0.11381212,  0.71636327, ...,  0.04510785,
        -0.18136578, -0.577448  ],
       [ 0.7735583 ,  0.3360165 ,  0.02629155, ...,  0.34053625,
        -0.99474777, -0.21886446],
       ..., 
       [-0.36363446, -0.6899634 , -0.39571738, ...,  0.53202826,
         0.38021267,  0.50197703],
       [ 0.05470356, -0.27637317, -0.60716038, ...,  0.99022626,
        -0.97592443, -0.78806744],
       [-0.3199122 ,  0.37021976, -0.55472439, ..., -0.1328647 ,
         0.83737986, -0.8772928 ]])
90.1226 	EXP 	premask_1: autoDraw = False
90.1226 	EXP 	fixation: autoDraw = False
90.1226 	EXP 	blank: autoDraw = False
90.1226 	EXP 	premask_1: autoDraw = False
90.1226 	EXP 	probe: image = u'../experiment_stimuli/bw_bc_bl/Living_Things/Animals/cheetah_18.jpg'
90.1226 	EXP 	probe: autoDraw = True
90.1226 	EXP 	trigger 2
90.1827 	EXP 	probe: autoDraw = False
90.1827 	EXP 	probe: autoDraw = False
90.1827 	EXP 	postmask_1: phase = array([ 0.2,  0.2])
90.1827 	EXP 	postmask_1: autoDraw = True
90.1827 	EXP 	postmask_1: tex = array([[-0.42581813, -0.20334866, -0.6477478 , ..., -0.01908352,
         0.94066454,  0.64080008],
       [-0.93913521,  0.85444016, -0.67842621, ...,  0.01397528,
        -0.88703883, -0.11640016],
       [-0.70480459, -0.29133257,  0.53447264, ...,  0.16740936,
        -0.50938497,  0.84964223],
       ..., 
       [ 0.51566887,  0.38452447,  0.35822481, ..., -0.63109281,
         0.1562985 ,  0.47294405],
       [ 0.70862552, -0.97805921, -0.34536387, ...,  0.69967833,
        -0.26963283,  0.25149391],
       [ 0.77805596, -0.25347372, -0.92140507, ..., -0.67530603,
        -0.32583461, -0.34155927]])
90.1928 	EXP 	postmask_1: tex = array([[ 0.20156974,  0.38939874,  0.06380422, ...,  0.19114389,
        -0.37389322,  0.0063489 ],
       [ 0.11763678,  0.26627574,  0.3734121 , ..., -0.94071179,
        -0.53197827,  0.16409645],
       [-0.4308667 , -0.18281596, -0.26357122, ...,  0.46017527,
         0.7753804 , -0.46318484],
       ..., 
       [-0.19384729, -0.21413845,  0.37722284, ...,  0.09943003,
         0.9235942 ,  0.63915935],
       [-0.77909909,  0.88109037,  0.61887127, ...,  0.06899931,
         0.37667066, -0.81597704],
       [-0.44056771, -0.45176476, -0.32372859, ..., -0.86321411,
        -0.30775495, -0.7816168 ]])
90.2028 	EXP 	postmask_1: tex = array([[-0.44262336, -0.24414743, -0.9962588 , ...,  0.32145494,
        -0.15147245, -0.1293248 ],
       [ 0.88406489, -0.05038035, -0.16008369, ...,  0.46210168,
        -0.15970984,  0.32749903],
       [-0.00286079, -0.48446021, -0.91591131, ...,  0.55421028,
         0.09310989, -0.85673747],
       ..., 
       [ 0.37544761, -0.79403393,  0.64806524, ..., -0.13682154,
         0.75060365,  0.69474287],
       [-0.88903767, -0.10445228, -0.03740414, ..., -0.46006521,
         0.46291785, -0.00839195],
       [-0.7529145 ,  0.6917789 , -0.10447981, ..., -0.8394901 ,
         0.45173687, -0.42215715]])
90.2128 	EXP 	postmask_1: tex = array([[-0.11598258,  0.26469702,  0.51794596, ..., -0.10900371,
         0.89753927, -0.72431192],
       [ 0.16517503, -0.38993584,  0.42688567, ..., -0.50636619,
         0.5256957 , -0.04161653],
       [ 0.38939428, -0.40403876, -0.35625129, ...,  0.68311791,
         0.44515436, -0.223438  ],
       ..., 
       [-0.69306256, -0.26570627,  0.25098605, ...,  0.20311114,
         0.71132208, -0.90537241],
       [-0.73223695,  0.56298851, -0.82771286, ...,  0.09293354,
        -0.12151319, -0.59773372],
       [ 0.32287208,  0.03035141,  0.81756708, ..., -0.47595143,
        -0.38992536, -0.51577482]])
90.2228 	EXP 	postmask_1: tex = array([[ 0.95020116, -0.8861868 ,  0.79262952, ..., -0.02318597,
         0.71047368, -0.26227982],
       [-0.90735187,  0.4765603 ,  0.09880052, ...,  0.71382356,
        -0.10074963, -0.03121953],
       [ 0.44429   ,  0.11782671,  0.96515329, ...,  0.61817649,
         0.93479383,  0.26948209],
       ..., 
       [ 0.17299365,  0.97757264,  0.96622017, ...,  0.67845818,
         0.62951793,  0.08609868],
       [-0.06669815, -0.53159724, -0.50581414, ...,  0.12892889,
         0.07920354, -0.37823513],
       [-0.50398023,  0.70064739, -0.26418666, ..., -0.28265069,
        -0.90114825,  0.60900001]])
90.2329 	EXP 	postmask_1: tex = array([[-0.72741081,  0.78288126, -0.39572842, ..., -0.8906686 ,
         0.45342203, -0.84723757],
       [-0.97743979,  0.03661062, -0.22412787, ...,  0.25178609,
        -0.56275833, -0.27402388],
       [ 0.70854751, -0.1164916 ,  0.20079655, ..., -0.28054573,
         0.33709888,  0.66890098],
       ..., 
       [-0.70238165,  0.58887917,  0.03026918, ..., -0.50946293,
        -0.13403581, -0.65852288],
       [-0.43551946,  0.24507524,  0.44856881, ...,  0.45250433,
         0.45318821,  0.42043937],
       [-0.27418523, -0.78080795,  0.24923386, ..., -0.899847  ,
         0.33493619,  0.91259029]])
90.2429 	EXP 	postmask_1: tex = array([[ 0.32143838, -0.32543225,  0.73132752, ...,  0.2805959 ,
        -0.94567056, -0.90295647],
       [-0.00810796,  0.42197902, -0.98691944, ..., -0.25262519,
        -0.15196032, -0.98610408],
       [-0.65205989, -0.21133443,  0.36170915, ..., -0.999067  ,
         0.78729669,  0.90075786],
       ..., 
       [-0.91294429, -0.0445008 , -0.80981268, ..., -0.17656805,
        -0.91086021, -0.99472751],
       [-0.92305673, -0.57505105,  0.095637  , ..., -0.30704446,
         0.62670804, -0.84429376],
       [ 0.94080219, -0.48341412, -0.4525309 , ...,  0.43056548,
        -0.37940583, -0.98802693]])
90.2529 	EXP 	postmask_1: tex = array([[ 0.51290721,  0.37611381, -0.79993047, ...,  0.45898698,
         0.29420128, -0.57032706],
       [ 0.80480825,  0.98552439, -0.57406754, ..., -0.54112513,
        -0.06316773,  0.63364364],
       [ 0.53297318,  0.99381577, -0.31089301, ...,  0.95469939,
        -0.6626711 , -0.3883192 ],
       ..., 
       [-0.46657844, -0.68862734, -0.20513568, ...,  0.54713208,
         0.64878206, -0.36806657],
       [ 0.29962614,  0.00128373, -0.36143902, ...,  0.41055844,
         0.63356144, -0.2837302 ],
       [-0.31995108,  0.9771224 , -0.63690787, ..., -0.97809044,
         0.2049841 ,  0.65471775]])
90.2629 	EXP 	postmask_1: tex = array([[ 0.41166186, -0.87831285, -0.15478909, ..., -0.42081883,
        -0.47935986,  0.57671364],
       [-0.97617225,  0.15226124, -0.66842143, ...,  0.0579201 ,
        -0.98952649, -0.13796931],
       [ 0.90827585, -0.66437526,  0.86380522, ..., -0.79968267,
        -0.34443071, -0.64144254],
       ..., 
       [ 0.00743461, -0.66162072,  0.43873091, ...,  0.03044219,
         0.88878516,  0.60648387],
       [ 0.74435648,  0.61895093, -0.75105954, ..., -0.17376987,
        -0.66616069, -0.6028141 ],
       [ 0.72240366, -0.74962794, -0.46731805, ...,  0.2028865 ,
         0.00614066,  0.64061579]])
90.2729 	EXP 	postmask_1: tex = array([[ 0.05580281,  0.05877164, -0.96875184, ..., -0.689569  ,
         0.37819127, -0.35973334],
       [-0.2647496 ,  0.6454295 , -0.62722165, ..., -0.47348259,
         0.67917112,  0.9776254 ],
       [-0.58619344,  0.34593   , -0.61956633, ...,  0.91628908,
         0.49200676, -0.18045312],
       ..., 
       [-0.15927801,  0.09983963, -0.64329356, ...,  0.35650403,
        -0.94973868,  0.37936481],
       [-0.28955225,  0.87083148, -0.61897925, ...,  0.45635184,
        -0.88107038,  0.25974653],
       [-0.47513869, -0.80886775,  0.02388614, ...,  0.01852368,
         0.59865637, -0.76475608]])
90.2830 	EXP 	postmask_1: tex = array([[ 0.61760367,  0.08883066,  0.29903071, ...,  0.54723791,
        -0.78770989,  0.66169305],
       [ 0.25135289,  0.25917108, -0.38610675, ..., -0.43165696,
        -0.05433117, -0.35573077],
       [ 0.54902704,  0.59805918,  0.364683  , ...,  0.86392269,
        -0.0048297 , -0.79618022],
       ..., 
       [-0.02622587, -0.12434848, -0.21233602, ..., -0.40170769,
         0.84246529, -0.20558661],
       [-0.13674737,  0.50193555, -0.60481288, ..., -0.20789746,
         0.76963408,  0.87914319],
       [ 0.84309568, -0.65958286,  0.08218261, ..., -0.55570102,
        -0.86614631,  0.00826894]])
90.2930 	EXP 	postmask_1: tex = array([[ 0.22940814, -0.97020723, -0.85293418, ..., -0.52419642,
        -0.64720729, -0.29882331],
       [-0.91506995,  0.29454444, -0.28336095, ...,  0.82255446,
        -0.62144736,  0.08345478],
       [ 0.27451807, -0.55408169,  0.1485009 , ...,  0.43934313,
        -0.34296737,  0.7327601 ],
       ..., 
       [-0.53882442, -0.84565628,  0.21615041, ...,  0.81640052,
        -0.40172192,  0.40159117],
       [ 0.27438805, -0.10772524, -0.42612686, ..., -0.02987405,
        -0.45831223,  0.63378486],
       [-0.19321947,  0.81289197, -0.60037286, ..., -0.91215679,
        -0.96935655, -0.53251524]])
90.3030 	EXP 	postmask_1: tex = array([[-0.91332092, -0.06176326,  0.01871038, ...,  0.31203315,
        -0.25047691, -0.24884585],
       [-0.53628501,  0.77338597,  0.02214265, ...,  0.3752725 ,
        -0.35493121, -0.00253382],
       [-0.44597981,  0.73933284, -0.9010735 , ..., -0.73730876,
        -0.08066621,  0.30212029],
       ..., 
       [ 0.03527435, -0.79620827,  0.5619236 , ...,  0.80513964,
        -0.44347181, -0.42674103],
       [ 0.93762031,  0.43863188, -0.08825073, ..., -0.08872476,
         0.30704979, -0.78048367],
       [-0.31593749, -0.24396997,  0.34708522, ..., -0.42570755,
        -0.19477   ,  0.35330347]])
90.3130 	EXP 	postmask_1: tex = array([[-0.27501269,  0.77108108,  0.65831765, ..., -0.54513726,
         0.31995568, -0.69794291],
       [-0.33191879, -0.6737069 , -0.84086373, ..., -0.15968359,
         0.63983335,  0.62861217],
       [ 0.4047104 , -0.01941118, -0.08027751, ...,  0.07879863,
        -0.45280405, -0.26014306],
       ..., 
       [-0.94558896,  0.659688  , -0.00529939, ...,  0.39725256,
         0.19850416,  0.07186556],
       [-0.50311743, -0.37657137,  0.8899436 , ..., -0.77557192,
        -0.84370519,  0.15541373],
       [-0.86057368, -0.5536256 ,  0.20350331, ..., -0.72649016,
        -0.07031774,  0.79076902]])
90.3231 	EXP 	postmask_1: tex = array([[ -7.97457148e-03,   6.87981118e-01,  -8.05193486e-01, ...,
         -1.15570310e-01,  -9.72743251e-02,  -4.03070512e-01],
       [  1.52673263e-01,   4.55587523e-01,   3.21080918e-01, ...,
          2.22387960e-01,   4.85604844e-01,  -7.36453341e-01],
       [  9.87750721e-01,  -6.71283335e-01,  -7.85942665e-01, ...,
          3.23596273e-01,  -5.75963877e-01,  -4.15170372e-01],
       ..., 
       [ -9.36577915e-01,  -5.67657021e-02,   8.09705288e-01, ...,
         -2.80048818e-01,  -8.11389798e-01,  -8.51999567e-01],
       [  5.90274693e-01,  -1.90298222e-01,   1.66931496e-01, ...,
          4.45612836e-01,  -1.89149871e-01,   8.77165730e-01],
       [ -2.48669972e-01,  -6.75171761e-01,   3.39281591e-01, ...,
         -1.95355135e-01,  -1.31120825e-04,  -3.27888362e-01]])
90.3331 	EXP 	postmask_1: tex = array([[ 0.88767836,  0.91568194,  0.86914671, ...,  0.43401115,
         0.66155527, -0.79587064],
       [-0.3182485 , -0.00599644,  0.79646507, ..., -0.43645552,
        -0.35517676, -0.34941666],
       [ 0.06842076,  0.54519332,  0.20797293, ...,  0.60928642,
        -0.01339313, -0.51380083],
       ..., 
       [-0.73858442, -0.2474919 ,  0.54646482, ..., -0.91650768,
        -0.54018407,  0.9944794 ],
       [ 0.41515796,  0.84782145, -0.41258163, ..., -0.19521722,
        -0.03611079,  0.85125474],
       [-0.72076209, -0.0781517 , -0.5895563 , ...,  0.56159923,
        -0.00827384,  0.12543018]])
90.3431 	EXP 	postmask_1: tex = array([[ 0.79120881, -0.48178198,  0.3167014 , ..., -0.53246464,
        -0.59919327,  0.40562535],
       [ 0.54542027,  0.80150126, -0.86904125, ...,  0.90634092,
         0.89386887,  0.44194872],
       [-0.00810088, -0.11293969,  0.32357877, ..., -0.05172183,
         0.554771  , -0.12716268],
       ..., 
       [ 0.21851653, -0.83348899,  0.45166741, ...,  0.06155381,
         0.52043757, -0.27103136],
       [-0.881116  ,  0.34346987,  0.2618674 , ...,  0.874195  ,
         0.99286435,  0.48390547],
       [-0.99889154,  0.84342163,  0.07689182, ..., -0.45012751,
         0.57676597, -0.12840805]])
90.3531 	EXP 	postmask_1: tex = array([[ 0.42552792,  0.08336593, -0.18539985, ..., -0.99855772,
         0.88524896,  0.7243469 ],
       [-0.36444076,  0.44359043,  0.83694544, ...,  0.3130602 ,
        -0.07093683, -0.61840676],
       [-0.18648703,  0.70955942,  0.21823555, ..., -0.93486202,
         0.53848794, -0.65645678],
       ..., 
       [ 0.09693251,  0.24595754, -0.48060628, ..., -0.61632295,
         0.34669088,  0.25091321],
       [ 0.43237339, -0.02074592, -0.0312055 , ..., -0.70752698,
        -0.58528429, -0.55770125],
       [ 0.85690747, -0.58364314, -0.19141914, ...,  0.43147725,
         0.67292487, -0.17019156]])
90.3631 	EXP 	postmask_1: tex = array([[ 0.19981558,  0.10004415, -0.96018751, ...,  0.47323096,
        -0.11403811,  0.18025293],
       [-0.20263511,  0.72106341,  0.85834099, ..., -0.7251292 ,
        -0.86090458, -0.4208283 ],
       [ 0.05864575, -0.31086012,  0.06039402, ..., -0.84735544,
         0.24259553, -0.55449519],
       ..., 
       [ 0.11780524, -0.01504042, -0.03653897, ..., -0.14348168,
        -0.5363828 , -0.16365333],
       [-0.27019922,  0.25894779,  0.03233926, ...,  0.4647514 ,
        -0.947403  , -0.73670963],
       [-0.22107007, -0.45563515,  0.25237371, ..., -0.79751015,
         0.64731013, -0.82336056]])
90.3732 	EXP 	postmask_1: tex = array([[ -9.98364991e-01,   8.54075647e-01,   5.11848138e-01, ...,
          2.88830860e-01,  -1.94048313e-01,   3.52170044e-01],
       [  2.67437331e-01,  -3.68741167e-01,  -5.19586760e-01, ...,
         -9.87358724e-01,  -2.41447966e-01,  -7.21087572e-01],
       [ -6.69424714e-01,  -5.37109222e-01,   2.06057786e-01, ...,
          6.66585103e-01,   2.56599964e-01,   9.43201110e-01],
       ..., 
       [  8.47853476e-01,   8.38207555e-01,  -6.53238542e-01, ...,
         -6.89122133e-01,  -4.21949616e-04,  -9.96760537e-02],
       [  6.10211116e-01,   6.00056164e-01,   1.76578652e-01, ...,
          2.16546199e-01,  -2.84691424e-01,   9.84932073e-02],
       [  9.21481505e-01,   8.50853343e-01,  -5.15857859e-01, ...,
          6.37738450e-01,  -7.95351937e-01,   5.17144708e-01]])
90.3832 	EXP 	postmask_1: autoDraw = False
90.3832 	EXP 	postmask_1: autoDraw = False
90.3832 	EXP 	delay_post_mask: autoDraw = True
91.3954 	EXP 	delay_post_mask: autoDraw = False
91.3954 	EXP 	tell_response: text = 'V_nV'
91.3954 	EXP 	tell_response: autoDraw = True
93.2095 	DATA 	Keypress: 1
93.2294 	EXP 	tell_response: autoDraw = False
93.2294 	EXP 	rep trigger 4
93.2294 	EXP 	tell_visible: autoDraw = True
93.3799 	DATA 	Keypress: 1
93.3997 	EXP 	tell_visible: autoDraw = False
93.3997 	EXP 	vis trigger 6
93.3997 	EXP 	post_fixation: autoDraw = True
94.3926 	EXP 	New trial (rep=0, index=1): {'category': u'Nonliving_Things', 'probe_path': u'../experiment_stimuli/bw_bc_bl/Nonliving_Things/Vehicles/boat_17.jpg', 'subcategory': u'Vehicles', 'fixation_duration': 0, 'label': u'boat'}
94.4019 	EXP 	post_fixation: autoDraw = False
94.4019 	EXP 	premask_1: phase = array([ 0.2,  0.2])
94.4019 	EXP 	fixation: autoDraw = True
94.4019 	EXP 	fixation: autoDraw = False
94.4019 	EXP 	blank: autoDraw = True
94.9130 	EXP 	blank: autoDraw = False
94.9130 	EXP 	premask_1: autoDraw = True
94.9130 	EXP 	premask_1: tex = array([[-0.75198774,  0.31414679, -0.1242828 , ..., -0.99644564,
        -0.89097395,  0.36724871],
       [-0.10053535,  0.73325813,  0.04083788, ...,  0.62051016,
        -0.72684972,  0.80767934],
       [-0.24866321,  0.99026348, -0.22204436, ..., -0.77646479,
         0.5150645 , -0.98385781],
       ..., 
       [ 0.24284015, -0.90349452, -0.37505818, ..., -0.52332487,
         0.44088479,  0.29478448],
       [ 0.97990914,  0.62524492, -0.39652163, ...,  0.03180004,
        -0.50177772, -0.08518466],
       [-0.97625425,  0.31373094, -0.04567827, ...,  0.14747657,
         0.02412963,  0.64040329]])
94.9231 	EXP 	premask_1: tex = array([[ 0.83660323, -0.0922792 ,  0.05460338, ..., -0.73811085,
         0.18030189, -0.84270839],
       [ 0.23927508,  0.6045435 , -0.93439999, ...,  0.66687602,
         0.52093282, -0.90981887],
       [ 0.5253864 , -0.32011268,  0.32364362, ...,  0.95790032,
         0.00288689,  0.94275511],
       ..., 
       [ 0.69658505, -0.24855324,  0.14354322, ...,  0.95244536,
        -0.86346612, -0.34032731],
       [-0.64051542, -0.55850346,  0.61281347, ..., -0.06537745,
        -0.28659409, -0.15362127],
       [-0.96452702, -0.84425864,  0.12896274, ...,  0.4547432 ,
        -0.81431253, -0.09366683]])
94.9331 	EXP 	premask_1: tex = array([[-0.08144564,  0.34155988, -0.68601587, ...,  0.51240003,
        -0.88684025, -0.25701092],
       [-0.89746774, -0.26769736, -0.23843015, ...,  0.70369289,
         0.62493302, -0.08339043],
       [ 0.73249264, -0.55366597, -0.89253473, ...,  0.42985898,
         0.44635538,  0.79023495],
       ..., 
       [ 0.55273423, -0.50245458, -0.28275476, ..., -0.56975887,
        -0.37245359,  0.6754581 ],
       [-0.73505528,  0.00709734, -0.79836516, ..., -0.62500303,
         0.80387469, -0.57761027],
       [-0.9217331 ,  0.08299839,  0.71557397, ...,  0.74997729,
        -0.82694653,  0.46499202]])
94.9431 	EXP 	premask_1: tex = array([[-0.67596307, -0.41234735, -0.22489863, ..., -0.89003746,
        -0.29172612, -0.55755878],
       [ 0.89918787, -0.6616397 , -0.06660329, ..., -0.98819893,
         0.81064249, -0.44731605],
       [ 0.29155003,  0.72619534, -0.62197831, ..., -0.24685382,
        -0.7249074 , -0.21510832],
       ..., 
       [ 0.9962893 , -0.01480155,  0.84533027, ..., -0.23175751,
         0.84735031, -0.6771267 ],
       [ 0.27590849, -0.13621111, -0.9015006 , ...,  0.2328163 ,
         0.89728622, -0.99043193],
       [ 0.22381204,  0.97920133,  0.69636846, ..., -0.96307453,
         0.89548473, -0.0930805 ]])
94.9531 	EXP 	premask_1: tex = array([[ 0.61595519, -0.0321336 , -0.83075819, ...,  0.74773709,
         0.84991662, -0.88771063],
       [ 0.46561566,  0.25618459, -0.36204014, ..., -0.511309  ,
        -0.67515285, -0.58522855],
       [-0.08532789, -0.36588891,  0.03440184, ..., -0.43070801,
        -0.40618153, -0.68399223],
       ..., 
       [-0.14040871, -0.47510098, -0.83497002, ...,  0.19823371,
        -0.95748439, -0.24713265],
       [-0.94622561,  0.37776177, -0.44580627, ..., -0.9363438 ,
        -0.40483782, -0.68895966],
       [-0.67567887, -0.2856391 , -0.00865261, ..., -0.84335842,
         0.06199742,  0.67133737]])
94.9631 	EXP 	premask_1: tex = array([[ 0.46186686,  0.91555763,  0.40274219, ...,  0.35716278,
        -0.78812192,  0.99654435],
       [-0.50484196, -0.72661362, -0.20417176, ...,  0.50091584,
        -0.70775145, -0.79015819],
       [-0.19059221, -0.64464572, -0.68540357, ..., -0.77392733,
        -0.55751844, -0.98202506],
       ..., 
       [ 0.07238242,  0.73646943, -0.88394812, ..., -0.99978377,
         0.8889169 , -0.87263651],
       [ 0.79415989, -0.13943515,  0.98387287, ...,  0.08339284,
        -0.58356319, -0.0159743 ],
       [-0.04058539, -0.13170224,  0.48292312, ...,  0.99242486,
        -0.83601802, -0.16637919]])
94.9732 	EXP 	premask_1: tex = array([[-0.80299009, -0.88180455, -0.42936799, ..., -0.01892982,
         0.5473998 ,  0.94672338],
       [ 0.47727947, -0.34735708, -0.28616774, ..., -0.47063945,
         0.72554708,  0.40525223],
       [-0.40099303, -0.22455165,  0.10316446, ..., -0.59781626,
         0.27900004,  0.4862518 ],
       ..., 
       [-0.64472498, -0.9654282 , -0.35573889, ..., -0.16687132,
         0.39525294,  0.39617275],
       [-0.00571183,  0.68896517,  0.66096729, ..., -0.22231203,
        -0.37184592,  0.12631011],
       [-0.73568761,  0.90908139, -0.38838587, ..., -0.71039421,
         0.62092544,  0.58419237]])
94.9832 	EXP 	premask_1: tex = array([[  3.99734902e-01,   4.53411197e-01,  -6.06232047e-01, ...,
         -2.31445551e-02,   2.48127035e-01,   4.31681714e-01],
       [  4.06073451e-01,  -4.07359431e-01,   5.24571374e-02, ...,
         -6.17352423e-01,  -1.54025495e-01,  -4.71932235e-01],
       [ -3.35266634e-01,   6.64000138e-01,   9.24782289e-01, ...,
          2.51693650e-02,   7.52667576e-04,   4.83700344e-02],
       ..., 
       [ -3.02973579e-01,  -5.80881529e-01,   7.35496290e-01, ...,
          3.37566201e-01,   2.51094177e-01,   1.62188788e-01],
       [ -2.72372658e-01,   6.89070215e-01,  -7.46414668e-01, ...,
         -1.53680671e-01,   1.34459688e-02,   8.11977914e-01],
       [ -7.40404486e-01,  -7.33635760e-01,   5.95037379e-01, ...,
         -7.77923146e-01,  -3.30147730e-01,   6.42698823e-01]])
94.9932 	EXP 	premask_1: tex = array([[-0.3171432 , -0.52065759,  0.571647  , ..., -0.74783936,
        -0.32994428, -0.67739636],
       [ 0.51573878, -0.09049709, -0.89310124, ..., -0.70883101,
         0.4574308 , -0.766199  ],
       [ 0.40675853,  0.75890627,  0.35619201, ...,  0.06312432,
        -0.20520766, -0.76612046],
       ..., 
       [ 0.07629232,  0.5511555 ,  0.6356764 , ..., -0.12501095,
         0.02423212,  0.36363356],
       [ 0.91475425,  0.11194545,  0.58199163, ..., -0.48135806,
        -0.26301866, -0.89046665],
       [-0.74920216, -0.32316469,  0.40118638, ...,  0.44896418,
         0.21278042,  0.73690458]])
95.0032 	EXP 	premask_1: tex = array([[ 0.95268653, -0.876526  ,  0.92226865, ..., -0.92599569,
        -0.42555103, -0.54374394],
       [ 0.7982367 , -0.4951834 ,  0.95368944, ..., -0.69187594,
         0.37991294,  0.02941857],
       [ 0.67372948,  0.93606186,  0.96432183, ..., -0.51807438,
         0.50909278,  0.39257   ],
       ..., 
       [ 0.19869868, -0.98284979, -0.93225975, ...,  0.94296182,
        -0.43510056,  0.21941528],
       [ 0.21170805,  0.85615492, -0.42585139, ...,  0.88197221,
         0.63137827, -0.53792768],
       [ 0.7174357 ,  0.72630275, -0.08575023, ..., -0.21237691,
        -0.8143299 , -0.13873437]])
95.0132 	EXP 	premask_1: tex = array([[ 0.87774526,  0.47377408, -0.79306722, ...,  0.40384345,
        -0.06530031, -0.39501294],
       [ 0.98078118, -0.39774502, -0.5514221 , ..., -0.11456453,
         0.3150152 ,  0.93817708],
       [ 0.10317201, -0.65593763,  0.89977647, ...,  0.02018498,
        -0.92920477,  0.78188772],
       ..., 
       [-0.33250407, -0.59190798,  0.86541213, ...,  0.60835405,
         0.43166534, -0.03602124],
       [ 0.53094123, -0.33073153, -0.27848874, ...,  0.56190671,
        -0.43448067,  0.68877848],
       [-0.91594568, -0.73615377,  0.07380123, ..., -0.55920024,
        -0.83173362, -0.18119477]])
95.0233 	EXP 	premask_1: tex = array([[  1.13350411e-01,   3.43113222e-01,   5.53679078e-02, ...,
          1.87904949e-01,   9.76290189e-01,   3.82800365e-01],
       [ -3.40720443e-01,  -8.73030835e-01,  -8.85140481e-01, ...,
          3.70667352e-01,  -2.52536266e-02,  -4.78851699e-01],
       [  9.76173129e-02,   9.44901776e-01,  -3.00894883e-01, ...,
          1.24533693e-01,  -4.58259131e-01,  -1.46607911e-01],
       ..., 
       [ -6.79741620e-01,  -4.45270838e-01,   4.11919436e-02, ...,
          4.98449570e-01,   6.88910465e-01,  -8.46900881e-01],
       [  3.33062781e-01,  -5.23928710e-01,  -5.66750996e-01, ...,
         -5.39631898e-01,   4.52325599e-01,  -1.82876406e-04],
       [ -1.90527884e-01,  -7.47418696e-01,   6.87423795e-01, ...,
         -2.70612805e-01,  -3.37750858e-01,  -8.83092555e-01]])
95.0333 	EXP 	premask_1: tex = array([[ 0.06051849, -0.80711743, -0.67753601, ..., -0.23096128,
        -0.13579003, -0.28451205],
       [-0.85559091, -0.70000938,  0.12152568, ..., -0.13914905,
         0.5312017 , -0.59524378],
       [ 0.70459849,  0.90156166,  0.41575024, ...,  0.66398355,
        -0.12591171, -0.93087792],
       ..., 
       [ 0.57450597, -0.18336414, -0.54375057, ..., -0.56471493,
         0.61554578, -0.85301168],
       [ 0.40322716,  0.21193574,  0.06303185, ..., -0.75897756,
        -0.08326747,  0.18218611],
       [ 0.23002661, -0.89670875,  0.24109312, ...,  0.32621133,
         0.8087335 ,  0.33721742]])
95.0433 	EXP 	premask_1: tex = array([[-0.31976111,  0.91608302, -0.62172322, ..., -0.84814074,
         0.66292275, -0.39189429],
       [-0.01615863, -0.31904566, -0.04065453, ..., -0.68445957,
         0.31972959,  0.44477202],
       [ 0.60439551, -0.01112269,  0.03709627, ..., -0.07549093,
        -0.28060233, -0.47753916],
       ..., 
       [ 0.41760939,  0.69033614, -0.55562632, ...,  0.71010918,
         0.48841624, -0.36917644],
       [-0.43171868,  0.27687456,  0.54003968, ..., -0.96432087,
         0.41741319, -0.20425939],
       [ 0.27246856,  0.83645207, -0.92494662, ..., -0.1761141 ,
         0.42828041,  0.13418927]])
95.0533 	EXP 	premask_1: tex = array([[-0.97898722,  0.67105749,  0.0381337 , ...,  0.7626189 ,
         0.28232453,  0.02279739],
       [ 0.47914049,  0.41837163,  0.49489988, ..., -0.62808535,
         0.14368164, -0.99711577],
       [-0.46763905,  0.74192339, -0.33730569, ..., -0.63293377,
        -0.14605125,  0.85645428],
       ..., 
       [-0.80873492,  0.53634106,  0.40338929, ...,  0.55107137,
        -0.06050122, -0.99184812],
       [-0.09952342,  0.48168728, -0.5556207 , ..., -0.57061438,
         0.39642076,  0.87221435],
       [-0.41061352,  0.01496951,  0.367461  , ..., -0.05308261,
         0.01587766, -0.75539566]])
95.0634 	EXP 	premask_1: tex = array([[ 0.45510612, -0.84718966,  0.35881768, ...,  0.81186654,
        -0.43399695,  0.83801532],
       [-0.70687622,  0.15975723,  0.98824058, ...,  0.96333337,
         0.14152537,  0.68013807],
       [ 0.79195012,  0.37926343, -0.0241313 , ...,  0.27454531,
         0.88788866,  0.35425827],
       ..., 
       [ 0.82854582, -0.29348251, -0.03692723, ..., -0.5569701 ,
         0.54145131, -0.97715146],
       [ 0.64562226, -0.14783095,  0.95325741, ...,  0.75435998,
        -0.98442952, -0.34471031],
       [ 0.32363806, -0.93966591, -0.71965527, ..., -0.99670428,
         0.18037794,  0.53940878]])
95.0734 	EXP 	premask_1: tex = array([[-0.21270366, -0.84044335, -0.53705381, ...,  0.8881552 ,
        -0.97245313, -0.56295659],
       [ 0.33423078,  0.07525445, -0.45642819, ...,  0.14582912,
         0.45564435,  0.0832782 ],
       [ 0.97192838, -0.95682145,  0.73537817, ..., -0.44670457,
        -0.03409756,  0.70940409],
       ..., 
       [ 0.92913235, -0.26833161,  0.86360966, ..., -0.95341263,
        -0.34881817,  0.79818404],
       [-0.82937798,  0.42723004, -0.44320319, ..., -0.82369666,
         0.33339989,  0.6845893 ],
       [-0.8450044 , -0.8103464 , -0.66830599, ...,  0.00582972,
        -0.67598967,  0.49766465]])
95.0834 	EXP 	premask_1: tex = array([[-0.90314658, -0.69625766, -0.94065056, ...,  0.33892189,
        -0.06987456,  0.63342158],
       [ 0.96289763, -0.75133204,  0.43230746, ..., -0.35345553,
         0.86021359, -0.89900211],
       [-0.62521829, -0.75837288,  0.99646067, ..., -0.71107404,
        -0.2517461 , -0.00204076],
       ..., 
       [-0.74581937,  0.00368562, -0.54368766, ..., -0.2705889 ,
        -0.8344739 , -0.60138871],
       [-0.6501998 ,  0.78109422,  0.81837217, ...,  0.93192438,
         0.01575115, -0.87831957],
       [-0.95100546, -0.26877211, -0.50851007, ..., -0.20980364,
        -0.75264158,  0.25440825]])
95.0934 	EXP 	premask_1: tex = array([[ 0.80733662,  0.82216129, -0.78346737, ...,  0.78871691,
         0.07921871,  0.13103282],
       [-0.63256219, -0.93789111, -0.74540423, ...,  0.92175037,
         0.92750191,  0.37733481],
       [ 0.47142023, -0.74794321,  0.65301659, ..., -0.23465503,
        -0.49341731,  0.04445494],
       ..., 
       [-0.51471816, -0.70120978,  0.62116061, ..., -0.00623041,
        -0.12447161, -0.4439298 ],
       [-0.23442765,  0.81388631,  0.87910194, ..., -0.09995118,
        -0.47040014,  0.05992108],
       [-0.07888098,  0.47942187,  0.05610213, ..., -0.41433983,
        -0.73940968,  0.94135928]])
95.1034 	EXP 	premask_1: tex = array([[ -1.49219198e-01,  -9.92479631e-01,   8.49931666e-01, ...,
          8.28748129e-01,  -8.73964302e-01,  -5.64874730e-01],
       [ -2.76094181e-01,  -3.06426804e-02,  -1.32842627e-01, ...,
         -4.78903134e-02,   7.73103394e-01,   7.20698001e-01],
       [  4.82107576e-01,   7.05604533e-01,   9.72382538e-01, ...,
          6.57143601e-01,  -8.71120806e-01,  -5.59108947e-04],
       ..., 
       [  4.89991446e-01,   4.83038546e-01,   4.56839987e-01, ...,
          7.94476458e-01,  -9.51056337e-01,  -5.00741276e-01],
       [ -3.28443209e-02,  -5.48607964e-01,  -2.04788668e-01, ...,
          7.99316690e-01,   1.38481858e-01,  -8.85473051e-01],
       [ -2.25767903e-01,   9.08999180e-01,   3.14266240e-01, ...,
          6.10261265e-01,   2.33570481e-01,  -3.97108810e-01]])
95.1235 	EXP 	premask_1: autoDraw = False
95.1235 	EXP 	fixation: autoDraw = False
95.1235 	EXP 	blank: autoDraw = False
95.1235 	EXP 	premask_1: autoDraw = False
95.1235 	EXP 	probe: image = u'../experiment_stimuli/bw_bc_bl/Nonliving_Things/Vehicles/boat_17.jpg'
95.1235 	EXP 	probe: autoDraw = True
95.1235 	EXP 	trigger 3
95.2037 	EXP 	probe: autoDraw = False
95.2037 	EXP 	probe: autoDraw = False
95.2037 	EXP 	postmask_1: phase = array([ 0.3,  0.2])
95.2037 	EXP 	postmask_1: autoDraw = True
95.2037 	EXP 	postmask_1: tex = array([[ 0.53669178, -0.69883966,  0.73625114, ...,  0.73981066,
         0.36842648, -0.70301651],
       [ 0.90571403,  0.32975344,  0.87066228, ..., -0.5631144 ,
        -0.03795592,  0.62863419],
       [ 0.86252272,  0.35869998,  0.37868904, ...,  0.33699398,
         0.5339719 , -0.60388383],
       ..., 
       [-0.20737488, -0.24596353, -0.98821187, ..., -0.72678914,
        -0.09889088, -0.7808877 ],
       [ 0.27614173,  0.0295966 ,  0.97762439, ...,  0.85724078,
        -0.55731687,  0.28080198],
       [ 0.10044714,  0.83770505, -0.87334444, ..., -0.38623061,
         0.95522919,  0.2253429 ]])
95.2137 	EXP 	postmask_1: tex = array([[-0.35546113, -0.12674035,  0.48273277, ...,  0.63561106,
        -0.12805159,  0.60871136],
       [ 0.07081805,  0.67462318, -0.03927156, ..., -0.11481275,
        -0.40488702, -0.0565729 ],
       [ 0.28855922, -0.26596846, -0.46251288, ..., -0.68087313,
        -0.24695796,  0.80919658],
       ..., 
       [-0.60963297,  0.59230745,  0.81197964, ...,  0.75623951,
         0.86987147,  0.97107289],
       [-0.61426077,  0.39181653, -0.95102374, ...,  0.7741192 ,
         0.05047187,  0.54121728],
       [-0.0915732 ,  0.29716562,  0.52968128, ..., -0.37022669,
         0.38620191,  0.13111948]])
95.2237 	EXP 	postmask_1: tex = array([[-0.59844687, -0.53868347,  0.60174501, ..., -0.46018726,
         0.58310082,  0.23724207],
       [ 0.96751979, -0.81160237, -0.77768329, ..., -0.44944371,
        -0.30364579,  0.99831725],
       [ 0.382872  ,  0.66336591,  0.16958096, ..., -0.46867279,
        -0.45546035, -0.5779022 ],
       ..., 
       [-0.95965697,  0.93817364, -0.08301242, ...,  0.66773413,
        -0.30225812, -0.2552556 ],
       [-0.98318161,  0.44958326, -0.88666476, ...,  0.03967651,
         0.87891354, -0.7839232 ],
       [ 0.4156946 , -0.52874952,  0.32385001, ..., -0.58975664,
        -0.93893655,  0.85293246]])
95.2337 	EXP 	postmask_1: tex = array([[ 0.47253199, -0.59317309, -0.16190148, ..., -0.20235239,
        -0.28529871,  0.37865524],
       [ 0.06025464, -0.75412467,  0.63985154, ...,  0.10090549,
         0.86975716,  0.85713527],
       [-0.57253817, -0.33874314,  0.43500727, ..., -0.29907891,
        -0.99405648, -0.22452236],
       ..., 
       [ 0.23940482,  0.72199098, -0.92173728, ...,  0.98310795,
        -0.54453457, -0.19386015],
       [-0.3319621 ,  0.0553519 ,  0.86654221, ...,  0.7395813 ,
        -0.22119583, -0.19422781],
       [ 0.56307678, -0.8634229 , -0.54000242, ...,  0.85349125,
        -0.9029184 ,  0.67910562]])
95.2437 	EXP 	postmask_1: tex = array([[ 0.87510007,  0.68293538,  0.42819522, ..., -0.09776909,
        -0.93622183, -0.64624067],
       [ 0.1828021 ,  0.28977477,  0.66621273, ..., -0.56848386,
         0.77590566, -0.20336861],
       [ 0.21607403, -0.68373299, -0.29242288, ..., -0.68421956,
        -0.2419813 , -0.42268806],
       ..., 
       [ 0.67413665, -0.20168377,  0.30148172, ..., -0.65456466,
        -0.71142675,  0.52766316],
       [ 0.89185612, -0.66418486,  0.07096286, ...,  0.79398248,
        -0.06625596, -0.0189816 ],
       [-0.36054372,  0.35350048, -0.06101183, ..., -0.85918102,
        -0.60174161,  0.03144298]])
95.2538 	EXP 	postmask_1: tex = array([[ 0.27175439, -0.50030226, -0.06359694, ..., -0.9105872 ,
        -0.1653974 , -0.94078401],
       [ 0.2703229 , -0.16507709,  0.29860436, ...,  0.16766837,
         0.49822015,  0.14593986],
       [-0.43914169,  0.41533183,  0.56124101, ...,  0.80369885,
        -0.81210706, -0.05179006],
       ..., 
       [ 0.21427645,  0.70154165, -0.92933338, ..., -0.12034389,
         0.06067152, -0.60533512],
       [-0.180594  , -0.61462144, -0.54886277, ...,  0.06856687,
        -0.44080902,  0.74721851],
       [ 0.6762001 ,  0.94106314,  0.0385746 , ..., -0.24212164,
         0.59325449, -0.76443582]])
95.2638 	EXP 	postmask_1: tex = array([[ 0.24044518,  0.26883663, -0.75295159, ...,  0.6775244 ,
        -0.10090922,  0.22094301],
       [ 0.28484812,  0.61344037,  0.52107858, ...,  0.06139534,
         0.39784595, -0.84054971],
       [ 0.8191803 , -0.52324119, -0.79579147, ..., -0.75077108,
        -0.49394715, -0.32912682],
       ..., 
       [-0.89540647, -0.59143737, -0.09935065, ...,  0.23371294,
         0.31946265,  0.09131433],
       [ 0.51593309, -0.05513773,  0.79965022, ...,  0.49288507,
         0.12510964, -0.68794847],
       [-0.4851642 ,  0.72812747, -0.5689638 , ..., -0.98213236,
         0.17363534, -0.03584425]])
95.2738 	EXP 	postmask_1: tex = array([[ 0.23023248,  0.25294948,  0.70876454, ..., -0.82692567,
         0.26888681,  0.90256255],
       [ 0.72671812, -0.19903908,  0.21823333, ...,  0.05215631,
        -0.26757876,  0.086075  ],
       [-0.78026377,  0.97697548, -0.49790519, ...,  0.09326736,
        -0.85577679, -0.92020218],
       ..., 
       [-0.02273682, -0.41714808,  0.53702187, ...,  0.9439938 ,
        -0.97384011,  0.77966118],
       [ 0.9260417 , -0.78760555,  0.9247874 , ..., -0.42343155,
        -0.16778687, -0.46998502],
       [-0.67913281,  0.39300551,  0.6596795 , ...,  0.17673305,
         0.45359253,  0.07359514]])
95.2838 	EXP 	postmask_1: tex = array([[ 0.95334775,  0.45243468,  0.8707045 , ..., -0.72825817,
        -0.72084887, -0.94183454],
       [ 0.13352794, -0.08739976,  0.07285882, ..., -0.23366468,
        -0.79366896,  0.6126226 ],
       [ 0.97336131, -0.7007679 , -0.66900815, ...,  0.14057421,
         0.5408485 ,  0.44288586],
       ..., 
       [ 0.05866323,  0.36533959,  0.12217389, ...,  0.01431477,
        -0.73061122, -0.73026516],
       [ 0.29983619,  0.08764566, -0.35242017, ...,  0.70559907,
        -0.4710847 , -0.04048147],
       [-0.56190513,  0.23894483,  0.25173895, ..., -0.29028537,
        -0.80510341,  0.25308928]])
95.2939 	EXP 	postmask_1: tex = array([[-0.17057745, -0.12154744, -0.25357621, ...,  0.10701028,
        -0.44388771,  0.18635846],
       [-0.28227299,  0.33040051, -0.61564213, ...,  0.45957621,
        -0.95823574,  0.89167742],
       [-0.24932377, -0.1628509 ,  0.71031689, ..., -0.32629056,
         0.76569787, -0.58461981],
       ..., 
       [ 0.42203157,  0.58512004,  0.99985134, ..., -0.68534912,
         0.85317972, -0.23133674],
       [-0.54012469,  0.15332801, -0.41487429, ..., -0.32358073,
         0.32218129,  0.38742644],
       [ 0.11224407,  0.04168589, -0.05514039, ...,  0.5795474 ,
         0.60367121,  0.6791301 ]])
95.3039 	EXP 	postmask_1: tex = array([[-0.97971816, -0.30241022,  0.97347866, ...,  0.20723589,
        -0.93432665, -0.43070164],
       [-0.18100521,  0.09367646, -0.39416327, ..., -0.71388029,
         0.66083579, -0.16633759],
       [ 0.54128078,  0.63611816,  0.50097042, ...,  0.68019857,
        -0.18267948,  0.503094  ],
       ..., 
       [ 0.91474555,  0.13567902, -0.22889128, ...,  0.92094874,
         0.02477825, -0.66767749],
       [ 0.31145764,  0.05403557, -0.67417755, ...,  0.75282894,
         0.81425431,  0.73331188],
       [ 0.92052728, -0.1580563 , -0.76839549, ..., -0.28461637,
         0.29958277,  0.53501602]])
95.3139 	EXP 	postmask_1: tex = array([[ 0.56866616, -0.99962708, -0.41674998, ...,  0.23240036,
        -0.03575277, -0.39514332],
       [ 0.13418893,  0.57553518,  0.82606258, ..., -0.78044404,
         0.97022725,  0.16795277],
       [ 0.94048245, -0.01358159,  0.81368768, ...,  0.74538073,
        -0.19625589,  0.75584735],
       ..., 
       [ 0.06352904, -0.22236278,  0.27223441, ..., -0.68344144,
         0.63433363, -0.43969288],
       [ 0.82970054,  0.8601881 ,  0.33557331, ...,  0.34713261,
         0.91603415,  0.42643013],
       [-0.48638801,  0.48100139, -0.74710297, ...,  0.8688494 ,
        -0.05045487, -0.87275955]])
95.3239 	EXP 	postmask_1: tex = array([[-0.41052405,  0.35406252,  0.67962234, ...,  0.13872794,
         0.47602726,  0.80345952],
       [-0.56281722, -0.0724548 ,  0.05777024, ..., -0.00938709,
        -0.90356976,  0.29202564],
       [ 0.62970467,  0.7029258 ,  0.43519195, ..., -0.47451106,
         0.49280721, -0.00694395],
       ..., 
       [ 0.63299686, -0.10440662, -0.64382788, ...,  0.80534522,
         0.74701483, -0.61584343],
       [-0.32563624, -0.64440277, -0.84583175, ..., -0.52894796,
        -0.74592731, -0.049222  ],
       [-0.61883766,  0.91859087,  0.25276028, ...,  0.59764616,
        -0.49321468, -0.67372769]])
95.3339 	EXP 	postmask_1: tex = array([[ 0.24158247, -0.67873377,  0.32472032, ...,  0.75339467,
         0.65980312, -0.23952877],
       [ 0.7380264 ,  0.02253849, -0.33613715, ..., -0.06981343,
        -0.68151753,  0.49243757],
       [-0.40939808,  0.1160037 , -0.7734113 , ...,  0.66310669,
        -0.04093014, -0.07052976],
       ..., 
       [ 0.28132961,  0.87002711,  0.48138715, ..., -0.35339347,
        -0.26917916, -0.28725503],
       [-0.17833538,  0.96730737,  0.01748104, ...,  0.51104894,
        -0.26461671,  0.77797566],
       [ 0.89210664,  0.8983602 , -0.15309239, ...,  0.73812895,
         0.68049597,  0.84568925]])
95.3440 	EXP 	postmask_1: tex = array([[-0.28437049, -0.51851782, -0.83160431, ...,  0.28001383,
         0.17682551, -0.91748989],
       [ 0.92758717,  0.30408457,  0.43944723, ..., -0.52288467,
         0.30481974,  0.66170633],
       [-0.95278704, -0.17440042,  0.00722667, ..., -0.54131816,
         0.82512242,  0.45373215],
       ..., 
       [-0.68635931,  0.40108325, -0.71623529, ..., -0.95012664,
         0.19204006,  0.87833   ],
       [ 0.10201948,  0.61016031, -0.57250867, ...,  0.81011785,
        -0.8631742 , -0.65994801],
       [ 0.35872236,  0.73004832,  0.23409147, ...,  0.11061813,
        -0.03788938, -0.95796381]])
95.3540 	EXP 	postmask_1: tex = array([[-0.97893688,  0.80272736, -0.99947103, ..., -0.39173861,
         0.40020072, -0.18396802],
       [ 0.49914944,  0.08549137, -0.9545166 , ..., -0.83476385,
         0.8908665 ,  0.17274998],
       [-0.82633425,  0.32037869, -0.8496416 , ...,  0.60601692,
        -0.95982776,  0.91591837],
       ..., 
       [-0.19069481,  0.51233343,  0.23176676, ..., -0.43827184,
        -0.68224649, -0.30584007],
       [-0.44223117,  0.81899358, -0.20029072, ..., -0.27702951,
         0.69616011, -0.16946439],
       [ 0.86890881, -0.92722833, -0.36765271, ..., -0.31826784,
         0.06896827,  0.1651537 ]])
95.3640 	EXP 	postmask_1: tex = array([[ 0.29663635,  0.55705682, -0.16168623, ...,  0.0691895 ,
        -0.3640295 ,  0.51762862],
       [-0.21209653, -0.04689684,  0.32937935, ..., -0.03054739,
         0.12275044,  0.77961881],
       [ 0.57750221,  0.76562148, -0.59697035, ...,  0.17271785,
         0.99471048, -0.10801292],
       ..., 
       [ 0.16469482, -0.4151062 ,  0.74713136, ..., -0.19560057,
         0.45436646, -0.90873528],
       [ 0.44718182, -0.39593659, -0.30919011, ..., -0.22640842,
         0.12849379,  0.92481903],
       [-0.09768884, -0.403992  , -0.81197066, ...,  0.6169472 ,
         0.3167517 , -0.18340884]])
95.3740 	EXP 	postmask_1: tex = array([[ 0.74556799,  0.15024963,  0.30524231, ..., -0.72176592,
        -0.81103997,  0.37267534],
       [ 0.793293  ,  0.91999179,  0.24350916, ..., -0.16159305,
        -0.56383346,  0.68923768],
       [-0.8648533 ,  0.20673304,  0.62733728, ...,  0.72166451,
         0.75975675, -0.36289578],
       ..., 
       [-0.49864396,  0.94353157,  0.28092323, ..., -0.78017146,
        -0.79249171,  0.87633766],
       [ 0.83022124,  0.44539844, -0.48919687, ..., -0.09002908,
         0.0516347 ,  0.7897676 ],
       [-0.01143224, -0.96619689,  0.68923209, ...,  0.68319315,
        -0.77073657,  0.96408128]])
95.3841 	EXP 	postmask_1: tex = array([[-0.15404608, -0.42116145, -0.06362711, ..., -0.98324047,
        -0.48103386,  0.1175888 ],
       [-0.48172537, -0.25842425, -0.84012547, ...,  0.51055252,
        -0.59976858, -0.48350742],
       [ 0.90434287, -0.20793048, -0.83364644, ..., -0.85725555,
         0.11042795, -0.81167034],
       ..., 
       [-0.01220243, -0.77786004, -0.07334391, ..., -0.59780537,
        -0.68388605, -0.96200117],
       [ 0.36479521,  0.2461602 , -0.34853453, ..., -0.8984674 ,
         0.55100895, -0.89731802],
       [ 0.08169445,  0.7363693 ,  0.19650678, ..., -0.87956578,
        -0.39085253, -0.45150983]])
95.3941 	EXP 	postmask_1: tex = array([[ 0.05104591,  0.4997876 ,  0.50878842, ...,  0.97989645,
        -0.77180165,  0.37829147],
       [-0.59167207, -0.99713614, -0.57105867, ..., -0.70090124,
        -0.09816847,  0.92519969],
       [-0.93037072, -0.0870295 ,  0.8411463 , ...,  0.99746836,
         0.76884658, -0.05810719],
       ..., 
       [ 0.74132373, -0.8919822 ,  0.23689114, ...,  0.0471264 ,
         0.31693039, -0.05466805],
       [ 0.46958928,  0.00431822, -0.46820864, ..., -0.67333039,
         0.01155207,  0.37207501],
       [-0.3959269 , -0.10574869,  0.35875583, ..., -0.39960127,
        -0.29033418, -0.01148027]])
95.4041 	EXP 	postmask_1: autoDraw = False
95.4041 	EXP 	postmask_1: autoDraw = False
95.4041 	EXP 	delay_post_mask: autoDraw = True
96.4063 	EXP 	delay_post_mask: autoDraw = False
96.4063 	EXP 	tell_response: text = 'V_nV'
96.4063 	EXP 	tell_response: autoDraw = True
103.0609 	DATA 	Keypress: escape
